{"contracts/AKC.sol":{"l":{"43":24,"44":23,"52":7,"53":7,"61":3,"62":3,"74":32,"75":32,"83":1},"path":"/Users/test-mac/project/ak-coin/contracts/AKC.sol","s":{"1":24,"2":23,"3":7,"4":7,"5":3,"6":3,"7":32,"8":32,"9":1},"b":{"1":[23,1],"2":[7,1],"3":[3,1],"4":[31,1]},"f":{"1":24,"2":7,"3":3,"4":32,"5":1},"fnMap":{"1":{"name":"constructor","line":42,"loc":{"start":{"line":42,"column":4},"end":{"line":45,"column":4}}},"2":{"name":"pause","line":51,"loc":{"start":{"line":51,"column":4},"end":{"line":54,"column":4}}},"3":{"name":"unpause","line":60,"loc":{"start":{"line":60,"column":4},"end":{"line":63,"column":4}}},"4":{"name":"_beforeTokenTransfer","line":69,"loc":{"start":{"line":69,"column":4},"end":{"line":76,"column":4}}},"5":{"name":"decimals","line":82,"loc":{"start":{"line":82,"column":4},"end":{"line":84,"column":4}}}},"statementMap":{"1":{"start":{"line":43,"column":8},"end":{"line":43,"column":71}},"2":{"start":{"line":44,"column":8},"end":{"line":44,"column":36}},"3":{"start":{"line":52,"column":8},"end":{"line":52,"column":15}},"4":{"start":{"line":53,"column":8},"end":{"line":53,"column":54}},"5":{"start":{"line":61,"column":8},"end":{"line":61,"column":17}},"6":{"start":{"line":62,"column":8},"end":{"line":62,"column":56}},"7":{"start":{"line":74,"column":8},"end":{"line":74,"column":51}},"8":{"start":{"line":75,"column":8},"end":{"line":75,"column":61}},"9":{"start":{"line":83,"column":8},"end":{"line":83,"column":17}}},"branchMap":{"1":{"line":43,"type":"if","locations":[{"start":{"line":43,"column":8},"end":{"line":43,"column":8}},{"start":{"line":43,"column":8},"end":{"line":43,"column":8}}]},"2":{"line":51,"type":"if","locations":[{"start":{"line":51,"column":30},"end":{"line":51,"column":30}},{"start":{"line":51,"column":30},"end":{"line":51,"column":30}}]},"3":{"line":60,"type":"if","locations":[{"start":{"line":60,"column":32},"end":{"line":60,"column":32}},{"start":{"line":60,"column":32},"end":{"line":60,"column":32}}]},"4":{"line":75,"type":"if","locations":[{"start":{"line":75,"column":8},"end":{"line":75,"column":8}},{"start":{"line":75,"column":8},"end":{"line":75,"column":8}}]}}}}